<?xml version="1.0" encoding="UTF-8"?>
<testng-results skipped="0" failed="0" ignored="0" total="1" passed="1">
  <reporter-output>
  </reporter-output>
  <suite name="Default suite" duration-ms="6206" started-at="2019-06-18T18:55:36Z" finished-at="2019-06-18T18:55:42Z">
    <groups>
    </groups>
    <test name="Default test" duration-ms="6206" started-at="2019-06-18T18:55:36Z" finished-at="2019-06-18T18:55:42Z">
      <class name="com.syntax.testcases.LoginPageTest">
        <test-method status="PASS" signature="setUp()[pri:0, instance:com.syntax.testcases.LoginPageTest@475530b9]" name="setUp" is-config="true" duration-ms="2747" started-at="2019-06-18T18:55:36Z" finished-at="2019-06-18T18:55:39Z">
          <reporter-output>
          </reporter-output>
        </test-method> <!-- setUp -->
        <test-method status="PASS" signature="loginToOrangeHRM()[pri:0, instance:com.syntax.testcases.LoginPageTest@475530b9]" name="loginToOrangeHRM" duration-ms="3348" started-at="2019-06-18T18:55:39Z" finished-at="2019-06-18T18:55:42Z">
          <reporter-output>
          </reporter-output>
        </test-method> <!-- loginToOrangeHRM -->
        <test-method status="PASS" signature="tearDown()[pri:0, instance:com.syntax.testcases.LoginPageTest@475530b9]" name="tearDown" is-config="true" duration-ms="90" started-at="2019-06-18T18:55:42Z" finished-at="2019-06-18T18:55:42Z">
          <reporter-output>
          </reporter-output>
        </test-method> <!-- tearDown -->
      </class> <!-- com.syntax.testcases.LoginPageTest -->
    </test> <!-- Default test -->
  </suite> <!-- Default suite -->
</testng-results>
